(You can skip this, or any future question by using the --noPrompt flag)
Folder "./scully" doesn't seem to contain custom plugins
----------------------------------Using stored unhandled routes!.   To discover new routes in the angular app use "npx scully --scanRoutes"----------------------------------




      =====================================================================================================
      Config file "./scully.biz-landing.config.ts" not found, only rendering routes without parameters
      The config file should have a name that is formated as:
          scully.<projectName>.config.ts
      where <projectName> is the name of the project as defined in the 'angular.json' file
      If you meant to build a different project as undefined you can use:
          --project differentProjectName as a cmd line option

      When you are in a mixed mono-repo you might need to use the --pjFirst flag.
       which will look for package.json instead of angular.json to find the 'root' of the project.
    =====================================================================================================
The option outDir isn't configured, using default folder "./dist/static/".No routes defined in "" Deprecation Notice:
       ======================================================================
         From now on, the plugin that is being used to render a route is
         able to be changed by the user. You can do this by adding or
         enabling the plugin your scully.biz-landing.config.ts
         file. For your convenience, we loaded the Puppeteer plugin for you.

         To disable this warning enable the plugin of your choice.
         for Puppeteer please add:
             import '@scullyio/scully-plugin-puppeteer';
          to your scully.biz-landing.config.ts file.

          When you get this warning while not using scully-plugin-puppeteer
          you need to set the defaultRouteRenderer to the name of your plugin.
          The defaultRouteRenderer is now set to 'routeRenderer'.
       ======================================================================



----------------------------------Using stored unhandled routes!.   To discover new routes in the angular app use "npx scully --scanRoutes"----------------------------------



Folder "./scully" doesn't seem to contain custom plugins
--------------------------------------------------------------------   To discover new routes in the angular app use "npx scully --scanRoutes"Using stored unhandled routes!.



handleUnknownRoute: "/runtime.b7cab307700d0b0b.js", 404:""handleUnknownRoute: "/polyfills.ba6357a0084fd785.js", 404:""handleUnknownRoute: "/main.1399cf8cfac7415f.js", 404:""


handleUnknownRoute: "/styles.90b2b1e72f6ce0a9.css", 404:""
handleUnknownRoute: "/runtime.b7cab307700d0b0b.js", 404:""handleUnknownRoute: "/polyfills.ba6357a0084fd785.js", 404:""handleUnknownRoute: "/runtime.b7cab307700d0b0b.js", 404:""handleUnknownRoute: "/main.1399cf8cfac7415f.js", 404:""
handleUnknownRoute: "/polyfills.ba6357a0084fd785.js", 404:""
handleUnknownRoute: "/styles.90b2b1e72f6ce0a9.css", 404:""

handleUnknownRoute: "/main.1399cf8cfac7415f.js", 404:""
handleUnknownRoute: "/styles.90b2b1e72f6ce0a9.css", 404:""


handleUnknownRoute: "/runtime.b7cab307700d0b0b.js", 404:""handleUnknownRoute: "/polyfills.ba6357a0084fd785.js", 404:""handleUnknownRoute: "/main.1399cf8cfac7415f.js", 404:""
handleUnknownRoute: "/styles.90b2b1e72f6ce0a9.css", 404:""


Folder "./scully" doesn't seem to contain custom plugins
----------------------------------Using stored unhandled routes!.   To discover new routes in the angular app use "npx scully --scanRoutes"----------------------------------



handleUnknownRoute: "/runtime.b7cab307700d0b0b.js", 404:""handleUnknownRoute: "/polyfills.ba6357a0084fd785.js", 404:""handleUnknownRoute: "/main.1399cf8cfac7415f.js", 404:""handleUnknownRoute: "/styles.90b2b1e72f6ce0a9.css", 404:""



handleUnknownRoute: "/runtime.b7cab307700d0b0b.js", 404:""handleUnknownRoute: "/polyfills.ba6357a0084fd785.js", 404:""handleUnknownRoute: "/main.1399cf8cfac7415f.js", 404:""handleUnknownRoute: "/styles.90b2b1e72f6ce0a9.css", 404:""



handleUnknownRoute: "/runtime.b7cab307700d0b0b.js", 404:""handleUnknownRoute: "/polyfills.ba6357a0084fd785.js", 404:""handleUnknownRoute: "/main.1399cf8cfac7415f.js", 404:""handleUnknownRoute: "/styles.90b2b1e72f6ce0a9.css", 404:""



handleUnknownRoute: "/runtime.b7cab307700d0b0b.js", 404:""handleUnknownRoute: "/polyfills.ba6357a0084fd785.js", 404:""handleUnknownRoute: "/main.1399cf8cfac7415f.js", 404:""
handleUnknownRoute: "/styles.90b2b1e72f6ce0a9.css", 404:""


Folder "./scully" doesn't seem to contain custom plugins
----------------------------------Using stored unhandled routes!.   To discover new routes in the angular app use "npx scully --scanRoutes"----------------------------------



handleUnknownRoute: "/runtime.b7cab307700d0b0b.js", 404:""handleUnknownRoute: "/polyfills.ba6357a0084fd785.js", 404:""handleUnknownRoute: "/main.1399cf8cfac7415f.js", 404:""handleUnknownRoute: "/styles.90b2b1e72f6ce0a9.css", 404:""



Folder "./scully" doesn't seem to contain custom plugins
--------------------------------------------------------------------   To discover new routes in the angular app use "npx scully --scanRoutes"Using stored unhandled routes!.



Folder "./scully" doesn't seem to contain custom plugins
----------------------------------Using stored unhandled routes!.   To discover new routes in the angular app use "npx scully --scanRoutes"----------------------------------




      =====================================================================================================
      Config file "./scully.biz-landing.config.ts" not found, only rendering routes without parameters
      The config file should have a name that is formated as:
          scully.<projectName>.config.ts
      where <projectName> is the name of the project as defined in the 'angular.json' file
      If you meant to build a different project as undefined you can use:
          --project differentProjectName as a cmd line option

      When you are in a mixed mono-repo you might need to use the --pjFirst flag.
       which will look for package.json instead of angular.json to find the 'root' of the project.
    =====================================================================================================
The option outDir isn't configured, using default folder "./dist/static/".No routes defined in "" Deprecation Notice:
       ======================================================================
         From now on, the plugin that is being used to render a route is
         able to be changed by the user. You can do this by adding or
         enabling the plugin your scully.biz-landing.config.ts
         file. For your convenience, we loaded the Puppeteer plugin for you.

         To disable this warning enable the plugin of your choice.
         for Puppeteer please add:
             import '@scullyio/scully-plugin-puppeteer';
          to your scully.biz-landing.config.ts file.

          When you get this warning while not using scully-plugin-puppeteer
          you need to set the defaultRouteRenderer to the name of your plugin.
          The defaultRouteRenderer is now set to 'routeRenderer'.
       ======================================================================



----------------------------------Using stored unhandled routes!.   To discover new routes in the angular app use "npx scully --scanRoutes"----------------------------------



